<?xml version="1.0" encoding="UTF-8" ?>
<testsuite tests="1" failures="0" name="util.SendMailTLSTest" time="3.892" errors="1" skipped="0">
  <properties>
[...]
</properties>
  <testcase classname="util.SendMailTLSTest" name="testSend" time="3.892">
    <error message="javax.mail.AuthenticationFailedException: 535 Incorrect authentication data
" type="java.lang.RuntimeException">java.lang.RuntimeException: javax.mail.AuthenticationFailedException: 535 Incorrect authentication data

	at util.SendMailUnverschluesselt.send(SendMailUnverschluesselt.java:65)
	at util.SendMailTLSTest.testSend(SendMailTLSTest.java:14)
Caused by: javax.mail.AuthenticationFailedException: 535 Incorrect authentication data

	at com.sun.mail.smtp.SMTPTransport$Authenticator.authenticate(SMTPTransport.java:932)
	at com.sun.mail.smtp.SMTPTransport.authenticate(SMTPTransport.java:843)
	at com.sun.mail.smtp.SMTPTransport.protocolConnect(SMTPTransport.java:748)
	at javax.mail.Service.connect(Service.java:388)
	at javax.mail.Service.connect(Service.java:246)
	at javax.mail.Service.connect(Service.java:195)
	at javax.mail.Transport.send0(Transport.java:254)
	at javax.mail.Transport.send(Transport.java:124)
	at util.SendMailUnverschluesselt.send(SendMailUnverschluesselt.java:61)
	... 29 more
</error>
    <system-out>DEBUG: setDebug: JavaMail version 1.5.6
Session: javax.mail.Session@13805618
Message: [Ljavax.mail.internet.InternetAddress;@eec5a4a
DEBUG: getProvider() returning javax.mail.Provider[TRANSPORT,smtp,com.sun.mail.smtp.SMTPTransport,Oracle]
DEBUG SMTP: need username and password for authentication
DEBUG SMTP: protocolConnect returning false, host=mail.bobtheboulder.com, user=user, password=&lt;null&gt;
DEBUG SMTP: useEhlo true, useAuth true
DEBUG SMTP: trying to connect to host &quot;mail.bobtheboulder.com&quot;, port 25, isSSL false
220-gator3095.hostgator.com ESMTP Exim 4.87 #1 Mon, 28 Nov 2016 14:32:16 -0600 
220-We do not authorize the use of this system to transport unsolicited, 
220 and/or bulk e-mail.
DEBUG SMTP: connected to host &quot;mail.bobtheboulder.com&quot;, port: 25

EHLO HP.fritz.box
250-gator3095.hostgator.com Hello 89-248-146-42.dynamic.modem.fl1.li [89.248.146.42]
250-SIZE 52428800
250-8BITMIME
250-PIPELINING
250-AUTH PLAIN LOGIN
250-STARTTLS
250 HELP
DEBUG SMTP: Found extension &quot;SIZE&quot;, arg &quot;52428800&quot;
DEBUG SMTP: Found extension &quot;8BITMIME&quot;, arg &quot;&quot;
DEBUG SMTP: Found extension &quot;PIPELINING&quot;, arg &quot;&quot;
DEBUG SMTP: Found extension &quot;AUTH&quot;, arg &quot;PLAIN LOGIN&quot;
DEBUG SMTP: Found extension &quot;STARTTLS&quot;, arg &quot;&quot;
DEBUG SMTP: Found extension &quot;HELP&quot;, arg &quot;&quot;
DEBUG SMTP: protocolConnect login, host=mail.bobtheboulder.com, user=server@bobtheboulder.com, password=&lt;non-null&gt;
DEBUG SMTP: Attempt to authenticate using mechanisms: LOGIN PLAIN DIGEST-MD5 NTLM XOAUTH2 
DEBUG SMTP: Using mechanism LOGIN
DEBUG SMTP: AUTH LOGIN command trace suppressed
DEBUG SMTP: AUTH LOGIN failed
</system-out>
  </testcase>
</testsuite>